# JRE version: Java(TM) SE Runtime Environment (8.0_131-b11) (build 1.8.0_131-b11)
# Java VM: Java HotSpot(TM) Client VM (25.131-b11 mixed mode, sharing windows-x86 )
Heap:
 def new generation   total 4992K, used 89K [0x04800000, 0x04d60000, 0x09d50000)
  eden space 4480K,   2% used [0x04800000, 0x04816678, 0x04c60000)
  from space 512K,   0% used [0x04c60000, 0x04c60000, 0x04ce0000)
  to   space 512K,   0% used [0x04ce0000, 0x04ce0000, 0x04d60000)
 tenured generation   total 25076K, used 16815K [0x09d50000, 0x0b5cd000, 0x14800000)
   the space 25076K,  67% used [0x09d50000, 0x0adbbe50, 0x0adbc000, 0x0b5cd000)
 Metaspace       used 1003K, capacity 2526K, committed 2624K, reserved 4480K
GC Heap History (10 events):
Event: 35.594 GC heap before
{Heap before GC invocations=6403 (full 0):
 def new generation   total 4928K, used 4422K [0x04800000, 0x04d50000, 0x09d50000)
  eden space 4416K, 100% used [0x04800000, 0x04c50000, 0x04c50000)
  from space 512K,   1% used [0x04cd0000, 0x04cd1908, 0x04d50000)
  to   space 512K,   0% used [0x04c50000, 0x04c50000, 0x04cd0000)
 tenured generation   total 10944K, used 5149K [0x09d50000, 0x0a800000, 0x14800000)
   the space 10944K,  47% used [0x09d50000, 0x0a2575c8, 0x0a257600, 0x0a800000)
 Metaspace       used 1003K, capacity 2538K, committed 2624K, reserved 4480K
Event: 35.595 GC heap after
Heap after GC invocations=6404 (full 0):
 def new generation   total 4928K, used 5K [0x04800000, 0x04d50000, 0x09d50000)
  eden space 4416K,   0% used [0x04800000, 0x04800000, 0x04c50000)
  from space 512K,   1% used [0x04c50000, 0x04c515d0, 0x04cd0000)
  to   space 512K,   0% used [0x04cd0000, 0x04cd0000, 0x04d50000)
 tenured generation   total 10944K, used 5150K [0x09d50000, 0x0a800000, 0x14800000)
   the space 10944K,  47% used [0x09d50000, 0x0a257900, 0x0a257a00, 0x0a800000)
 Metaspace       used 1003K, capacity 2538K, committed 2624K, reserved 4480K
}
Event: 35.599 GC heap before
{Heap before GC invocations=6404 (full 0):
 def new generation   total 4928K, used 4421K [0x04800000, 0x04d50000, 0x09d50000)
  eden space 4416K, 100% used [0x04800000, 0x04c50000, 0x04c50000)
  from space 512K,   1% used [0x04c50000, 0x04c515d0, 0x04cd0000)
  to   space 512K,   0% used [0x04cd0000, 0x04cd0000, 0x04d50000)
 tenured generation   total 10944K, used 5150K [0x09d50000, 0x0a800000, 0x14800000)
   the space 10944K,  47% used [0x09d50000, 0x0a257900, 0x0a257a00, 0x0a800000)
 Metaspace       used 1003K, capacity 2538K, committed 2624K, reserved 4480K
Event: 35.600 GC heap after
Heap after GC invocations=6405 (full 0):
 def new generation   total 4928K, used 6K [0x04800000, 0x04d50000, 0x09d50000)
  eden space 4416K,   0% used [0x04800000, 0x04800000, 0x04c50000)
  from space 512K,   1% used [0x04cd0000, 0x04cd1908, 0x04d50000)
  to   space 512K,   0% used [0x04c50000, 0x04c50000, 0x04cd0000)
 tenured generation   total 10944K, used 5150K [0x09d50000, 0x0a800000, 0x14800000)
   the space 10944K,  47% used [0x09d50000, 0x0a257900, 0x0a257a00, 0x0a800000)
 Metaspace       used 1003K, capacity 2538K, committed 2624K, reserved 4480K
}
Event: 38.204 GC heap before
{Heap before GC invocations=6405 (full 0):
 def new generation   total 4928K, used 4422K [0x04800000, 0x04d50000, 0x09d50000)
  eden space 4416K,  99% used [0x04800000, 0x04c4ff50, 0x04c50000)
  from space 512K,   1% used [0x04cd0000, 0x04cd1908, 0x04d50000)
  to   space 512K,   0% used [0x04c50000, 0x04c50000, 0x04cd0000)
 tenured generation   total 10944K, used 5150K [0x09d50000, 0x0a800000, 0x14800000)
   the space 10944K,  47% used [0x09d50000, 0x0a257900, 0x0a257a00, 0x0a800000)
 Metaspace       used 1004K, capacity 2538K, committed 2624K, reserved 4480K
Event: 38.205 GC heap after
Heap after GC invocations=6406 (full 0):
 def new generation   total 4928K, used 10K [0x04800000, 0x04d50000, 0x09d50000)
  eden space 4416K,   0% used [0x04800000, 0x04800000, 0x04c50000)
  from space 512K,   1% used [0x04c50000, 0x04c528b0, 0x04cd0000)
  to   space 512K,   0% used [0x04cd0000, 0x04cd0000, 0x04d50000)
 tenured generation   total 10944K, used 5151K [0x09d50000, 0x0a800000, 0x14800000)
   the space 10944K,  47% used [0x09d50000, 0x0a257c38, 0x0a257e00, 0x0a800000)
 Metaspace       used 1004K, capacity 2538K, committed 2624K, reserved 4480K
}
Event: 50.971 GC heap before
{Heap before GC invocations=6406 (full 0):
 def new generation   total 4928K, used 4426K [0x04800000, 0x04d50000, 0x09d50000)
  eden space 4416K, 100% used [0x04800000, 0x04c50000, 0x04c50000)
  from space 512K,   1% used [0x04c50000, 0x04c528b0, 0x04cd0000)
  to   space 512K,   0% used [0x04cd0000, 0x04cd0000, 0x04d50000)
 tenured generation   total 10944K, used 5151K [0x09d50000, 0x0a800000, 0x14800000)
   the space 10944K,  47% used [0x09d50000, 0x0a257c38, 0x0a257e00, 0x0a800000)
 Metaspace       used 1004K, capacity 2538K, committed 2624K, reserved 4480K
Event: 50.972 GC heap after
Heap after GC invocations=6407 (full 0):
 def new generation   total 4928K, used 10K [0x04800000, 0x04d50000, 0x09d50000)
  eden space 4416K,   0% used [0x04800000, 0x04800000, 0x04c50000)
  from space 512K,   2% used [0x04cd0000, 0x04cd2a80, 0x04d50000)
  to   space 512K,   0% used [0x04c50000, 0x04c50000, 0x04cd0000)
 tenured generation   total 10944K, used 5151K [0x09d50000, 0x0a800000, 0x14800000)
   the space 10944K,  47% used [0x09d50000, 0x0a257c38, 0x0a257e00, 0x0a800000)
 Metaspace       used 1004K, capacity 2538K, committed 2624K, reserved 4480K
}
Event: 69.124 GC heap before
{Heap before GC invocations=6407 (full 0):
 def new generation   total 4928K, used 4340K [0x04800000, 0x04d50000, 0x09d50000)
  eden space 4416K,  98% used [0x04800000, 0x04c3a5a0, 0x04c50000)
  from space 512K,   2% used [0x04cd0000, 0x04cd2a80, 0x04d50000)
  to   space 512K,   0% used [0x04c50000, 0x04c50000, 0x04cd0000)
 tenured generation   total 10944K, used 5151K [0x09d50000, 0x0a800000, 0x14800000)
   the space 10944K,  47% used [0x09d50000, 0x0a257c38, 0x0a257e00, 0x0a800000)
 Metaspace       used 1007K, capacity 2538K, committed 2624K, reserved 4480K
Event: 69.142 GC heap after
Heap after GC invocations=6408 (full 1):
 def new generation   total 4992K, used 0K [0x04800000, 0x04d60000, 0x09d50000)
  eden space 4480K,   0% used [0x04800000, 0x04800000, 0x04c60000)
  from space 512K,   0% used [0x04c60000, 0x04c60000, 0x04ce0000)
  to   space 512K,   0% used [0x04ce0000, 0x04ce0000, 0x04d60000)
 tenured generation   total 10944K, used 2684K [0x09d50000, 0x0a800000, 0x14800000)
   the space 10944K,  24% used [0x09d50000, 0x09fef3e0, 0x09fef400, 0x0a800000)
 Metaspace       used 1003K, capacity 2526K, committed 2624K, reserved 4480K
}

