# JRE version: Java(TM) SE Runtime Environment (8.0_131-b11) (build 1.8.0_131-b11)
# Java VM: Java HotSpot(TM) Client VM (25.131-b11 mixed mode windows-x86 )
Heap:
 def new generation   total 4992K, used 89K [0x05000000, 0x05560000, 0x0a550000)
  eden space 4480K,   2% used [0x05000000, 0x05016678, 0x05460000)
  from space 512K,   0% used [0x05460000, 0x05460000, 0x054e0000)
  to   space 512K,   0% used [0x054e0000, 0x054e0000, 0x05560000)
 tenured generation   total 25536K, used 17272K [0x0a550000, 0x0be40000, 0x15000000)
   the space 25536K,  67% used [0x0a550000, 0x0b62e3f0, 0x0b62e400, 0x0be40000)
 Metaspace       used 6289K, capacity 6462K, committed 6528K, reserved 6528K
GC Heap History (10 events):
Event: 35.448 GC heap before
{Heap before GC invocations=6412 (full 0):
 def new generation   total 4928K, used 4416K [0x05000000, 0x05550000, 0x0a550000)
  eden space 4416K, 100% used [0x05000000, 0x05450000, 0x05450000)
  from space 512K,   0% used [0x05450000, 0x05450070, 0x054d0000)
  to   space 512K,   0% used [0x054d0000, 0x054d0000, 0x05550000)
 tenured generation   total 10944K, used 4981K [0x0a550000, 0x0b000000, 0x15000000)
   the space 10944K,  45% used [0x0a550000, 0x0aa2d6f0, 0x0aa2d800, 0x0b000000)
 Metaspace       used 6285K, capacity 6474K, committed 6528K, reserved 6528K
Event: 35.449 GC heap after
Heap after GC invocations=6413 (full 0):
 def new generation   total 4928K, used 0K [0x05000000, 0x05550000, 0x0a550000)
  eden space 4416K,   0% used [0x05000000, 0x05000000, 0x05450000)
  from space 512K,   0% used [0x054d0000, 0x054d0070, 0x05550000)
  to   space 512K,   0% used [0x05450000, 0x05450000, 0x054d0000)
 tenured generation   total 10944K, used 4981K [0x0a550000, 0x0b000000, 0x15000000)
   the space 10944K,  45% used [0x0a550000, 0x0aa2d6f0, 0x0aa2d800, 0x0b000000)
 Metaspace       used 6285K, capacity 6474K, committed 6528K, reserved 6528K
}
Event: 35.453 GC heap before
{Heap before GC invocations=6413 (full 0):
 def new generation   total 4928K, used 4416K [0x05000000, 0x05550000, 0x0a550000)
  eden space 4416K, 100% used [0x05000000, 0x05450000, 0x05450000)
  from space 512K,   0% used [0x054d0000, 0x054d0070, 0x05550000)
  to   space 512K,   0% used [0x05450000, 0x05450000, 0x054d0000)
 tenured generation   total 10944K, used 4981K [0x0a550000, 0x0b000000, 0x15000000)
   the space 10944K,  45% used [0x0a550000, 0x0aa2d6f0, 0x0aa2d800, 0x0b000000)
 Metaspace       used 6285K, capacity 6474K, committed 6528K, reserved 6528K
Event: 35.454 GC heap after
Heap after GC invocations=6414 (full 0):
 def new generation   total 4928K, used 0K [0x05000000, 0x05550000, 0x0a550000)
  eden space 4416K,   0% used [0x05000000, 0x05000000, 0x05450000)
  from space 512K,   0% used [0x05450000, 0x05450070, 0x054d0000)
  to   space 512K,   0% used [0x054d0000, 0x054d0000, 0x05550000)
 tenured generation   total 10944K, used 4981K [0x0a550000, 0x0b000000, 0x15000000)
   the space 10944K,  45% used [0x0a550000, 0x0aa2d6f0, 0x0aa2d800, 0x0b000000)
 Metaspace       used 6285K, capacity 6474K, committed 6528K, reserved 6528K
}
Event: 47.175 GC heap before
{Heap before GC invocations=6414 (full 0):
 def new generation   total 4928K, used 4416K [0x05000000, 0x05550000, 0x0a550000)
  eden space 4416K, 100% used [0x05000000, 0x05450000, 0x05450000)
  from space 512K,   0% used [0x05450000, 0x05450070, 0x054d0000)
  to   space 512K,   0% used [0x054d0000, 0x054d0000, 0x05550000)
 tenured generation   total 10944K, used 4981K [0x0a550000, 0x0b000000, 0x15000000)
   the space 10944K,  45% used [0x0a550000, 0x0aa2d6f0, 0x0aa2d800, 0x0b000000)
 Metaspace       used 6285K, capacity 6474K, committed 6528K, reserved 6528K
Event: 47.175 GC heap after
Heap after GC invocations=6415 (full 0):
 def new generation   total 4928K, used 5K [0x05000000, 0x05550000, 0x0a550000)
  eden space 4416K,   0% used [0x05000000, 0x05000000, 0x05450000)
  from space 512K,   1% used [0x054d0000, 0x054d1480, 0x05550000)
  to   space 512K,   0% used [0x05450000, 0x05450000, 0x054d0000)
 tenured generation   total 10944K, used 4981K [0x0a550000, 0x0b000000, 0x15000000)
   the space 10944K,  45% used [0x0a550000, 0x0aa2d6f0, 0x0aa2d800, 0x0b000000)
 Metaspace       used 6285K, capacity 6474K, committed 6528K, reserved 6528K
}
Event: 60.264 GC heap before
{Heap before GC invocations=6415 (full 0):
 def new generation   total 4928K, used 4420K [0x05000000, 0x05550000, 0x0a550000)
  eden space 4416K,  99% used [0x05000000, 0x0544fc00, 0x05450000)
  from space 512K,   1% used [0x054d0000, 0x054d1480, 0x05550000)
  to   space 512K,   0% used [0x05450000, 0x05450000, 0x054d0000)
 tenured generation   total 10944K, used 4981K [0x0a550000, 0x0b000000, 0x15000000)
   the space 10944K,  45% used [0x0a550000, 0x0aa2d6f0, 0x0aa2d800, 0x0b000000)
 Metaspace       used 6285K, capacity 6474K, committed 6528K, reserved 6528K
Event: 60.265 GC heap after
Heap after GC invocations=6416 (full 0):
 def new generation   total 4928K, used 2K [0x05000000, 0x05550000, 0x0a550000)
  eden space 4416K,   0% used [0x05000000, 0x05000000, 0x05450000)
  from space 512K,   0% used [0x05450000, 0x05450b20, 0x054d0000)
  to   space 512K,   0% used [0x054d0000, 0x054d0000, 0x05550000)
 tenured generation   total 10944K, used 4981K [0x0a550000, 0x0b000000, 0x15000000)
   the space 10944K,  45% used [0x0a550000, 0x0aa2d6f0, 0x0aa2d800, 0x0b000000)
 Metaspace       used 6285K, capacity 6474K, committed 6528K, reserved 6528K
}
Event: 71.581 GC heap before
{Heap before GC invocations=6416 (full 0):
 def new generation   total 4928K, used 2097K [0x05000000, 0x05550000, 0x0a550000)
  eden space 4416K,  47% used [0x05000000, 0x0520bc78, 0x05450000)
  from space 512K,   0% used [0x05450000, 0x05450b20, 0x054d0000)
  to   space 512K,   0% used [0x054d0000, 0x054d0000, 0x05550000)
 tenured generation   total 10944K, used 4981K [0x0a550000, 0x0b000000, 0x15000000)
   the space 10944K,  45% used [0x0a550000, 0x0aa2d6f0, 0x0aa2d800, 0x0b000000)
 Metaspace       used 6293K, capacity 6474K, committed 6528K, reserved 6528K
Event: 71.589 GC heap after
Heap after GC invocations=6417 (full 1):
 def new generation   total 4992K, used 0K [0x05000000, 0x05560000, 0x0a550000)
  eden space 4480K,   0% used [0x05000000, 0x05000000, 0x05460000)
  from space 512K,   0% used [0x05460000, 0x05460000, 0x054e0000)
  to   space 512K,   0% used [0x054e0000, 0x054e0000, 0x05560000)
 tenured generation   total 10944K, used 2682K [0x0a550000, 0x0b000000, 0x15000000)
   the space 10944K,  24% used [0x0a550000, 0x0a7ee8a0, 0x0a7eea00, 0x0b000000)
 Metaspace       used 6289K, capacity 6462K, committed 6528K, reserved 6528K
}

